# JRE version: OpenJDK Runtime Environment Zulu11.48+21-CA (11.0.11+9) (build 11.0.11+9-LTS)
# Java VM: OpenJDK 64-Bit Server VM Zulu11.48+21-CA (11.0.11+9-LTS, mixed mode, tiered, compressed oops, g1 gc, linux-amd64)
Heap:
 garbage-first heap   total 152576K, used 78881K [0x0000000085600000, 0x0000000100000000)
  region size 1024K, 69 young (70656K), 9 survivors (9216K)
 Metaspace       used 58584K, capacity 60065K, committed 60160K, reserved 1101824K
  class space    used 7436K, capacity 8042K, committed 8064K, reserved 1048576K
GC Heap History (17 events):
Event: 0,453 GC heap before
{Heap before GC invocations=0 (full 0):
 garbage-first heap   total 126976K, used 14336K [0x0000000085600000, 0x0000000100000000)
  region size 1024K, 14 young (14336K), 0 survivors (0K)
 Metaspace       used 9202K, capacity 9329K, committed 9600K, reserved 1058816K
  class space    used 843K, capacity 878K, committed 896K, reserved 1048576K
}
Event: 0,458 GC heap after
{Heap after GC invocations=1 (full 0):
 garbage-first heap   total 126976K, used 5520K [0x0000000085600000, 0x0000000100000000)
  region size 1024K, 2 young (2048K), 2 survivors (2048K)
 Metaspace       used 9202K, capacity 9329K, committed 9600K, reserved 1058816K
  class space    used 843K, capacity 878K, committed 896K, reserved 1048576K
}
Event: 0,684 GC heap before
{Heap before GC invocations=1 (full 0):
 garbage-first heap   total 126976K, used 14736K [0x0000000085600000, 0x0000000100000000)
  region size 1024K, 11 young (11264K), 2 survivors (2048K)
 Metaspace       used 11815K, capacity 12133K, committed 12416K, reserved 1060864K
  class space    used 1192K, capacity 1288K, committed 1408K, reserved 1048576K
}
Event: 0,688 GC heap after
{Heap after GC invocations=2 (full 0):
 garbage-first heap   total 126976K, used 6313K [0x0000000085600000, 0x0000000100000000)
  region size 1024K, 1 young (1024K), 1 survivors (1024K)
 Metaspace       used 11815K, capacity 12133K, committed 12416K, reserved 1060864K
  class space    used 1192K, capacity 1288K, committed 1408K, reserved 1048576K
}
Event: 1,349 GC heap before
{Heap before GC invocations=2 (full 0):
 garbage-first heap   total 126976K, used 33961K [0x0000000085600000, 0x0000000100000000)
  region size 1024K, 28 young (28672K), 1 survivors (1024K)
 Metaspace       used 18527K, capacity 19012K, committed 19200K, reserved 1067008K
  class space    used 2022K, capacity 2231K, committed 2304K, reserved 1048576K
}
Event: 1,356 GC heap after
{Heap after GC invocations=3 (full 0):
 garbage-first heap   total 126976K, used 7863K [0x0000000085600000, 0x0000000100000000)
  region size 1024K, 3 young (3072K), 3 survivors (3072K)
 Metaspace       used 18527K, capacity 19012K, committed 19200K, reserved 1067008K
  class space    used 2022K, capacity 2231K, committed 2304K, reserved 1048576K
}
Event: 1,466 GC heap before
{Heap before GC invocations=3 (full 0):
 garbage-first heap   total 126976K, used 17079K [0x0000000085600000, 0x0000000100000000)
  region size 1024K, 13 young (13312K), 3 survivors (3072K)
 Metaspace       used 20484K, capacity 20985K, committed 21248K, reserved 1069056K
  class space    used 2229K, capacity 2440K, committed 2560K, reserved 1048576K
}
Event: 1,472 GC heap after
{Heap after GC invocations=4 (full 0):
 garbage-first heap   total 126976K, used 8310K [0x0000000085600000, 0x0000000100000000)
  region size 1024K, 3 young (3072K), 3 survivors (3072K)
 Metaspace       used 20484K, capacity 20985K, committed 21248K, reserved 1069056K
  class space    used 2229K, capacity 2440K, committed 2560K, reserved 1048576K
}
Event: 1,623 GC heap before
{Heap before GC invocations=5 (full 0):
 garbage-first heap   total 126976K, used 57462K [0x0000000085600000, 0x0000000100000000)
  region size 1024K, 52 young (53248K), 3 survivors (3072K)
 Metaspace       used 23284K, capacity 23865K, committed 24192K, reserved 1071104K
  class space    used 2608K, capacity 2847K, committed 2944K, reserved 1048576K
}
Event: 1,628 GC heap after
{Heap after GC invocations=6 (full 0):
 garbage-first heap   total 152576K, used 8791K [0x0000000085600000, 0x0000000100000000)
  region size 1024K, 4 young (4096K), 4 survivors (4096K)
 Metaspace       used 23284K, capacity 23865K, committed 24192K, reserved 1071104K
  class space    used 2608K, capacity 2847K, committed 2944K, reserved 1048576K
}
Event: 2,904 GC heap before
{Heap before GC invocations=6 (full 0):
 garbage-first heap   total 152576K, used 79447K [0x0000000085600000, 0x0000000100000000)
  region size 1024K, 73 young (74752K), 4 survivors (4096K)
 Metaspace       used 31879K, capacity 32846K, committed 33152K, reserved 1079296K
  class space    used 3762K, capacity 4141K, committed 4224K, reserved 1048576K
}
Event: 2,912 GC heap after
{Heap after GC invocations=7 (full 0):
 garbage-first heap   total 152576K, used 12820K [0x0000000085600000, 0x0000000100000000)
  region size 1024K, 7 young (7168K), 7 survivors (7168K)
 Metaspace       used 31879K, capacity 32846K, committed 33152K, reserved 1079296K
  class space    used 3762K, capacity 4141K, committed 4224K, reserved 1048576K
}
Event: 3,154 GC heap before
{Heap before GC invocations=7 (full 0):
 garbage-first heap   total 152576K, used 66068K [0x0000000085600000, 0x0000000100000000)
  region size 1024K, 61 young (62464K), 7 survivors (7168K)
 Metaspace       used 34719K, capacity 35685K, committed 35840K, reserved 1081344K
  class space    used 4048K, capacity 4447K, committed 4480K, reserved 1048576K
}
Event: 3,172 GC heap after
{Heap after GC invocations=8 (full 0):
 garbage-first heap   total 152576K, used 14155K [0x0000000085600000, 0x0000000100000000)
  region size 1024K, 7 young (7168K), 7 survivors (7168K)
 Metaspace       used 34719K, capacity 35685K, committed 35840K, reserved 1081344K
  class space    used 4048K, capacity 4447K, committed 4480K, reserved 1048576K
}
Event: 4,669 GC heap before
{Heap before GC invocations=9 (full 0):
 garbage-first heap   total 152576K, used 97099K [0x0000000085600000, 0x0000000100000000)
  region size 1024K, 88 young (90112K), 7 survivors (7168K)
 Metaspace       used 51288K, capacity 52496K, committed 53120K, reserved 1095680K
  class space    used 6480K, capacity 6954K, committed 7040K, reserved 1048576K
}
Event: 4,689 GC heap after
{Heap after GC invocations=10 (full 0):
 garbage-first heap   total 152576K, used 18058K [0x0000000085600000, 0x0000000100000000)
  region size 1024K, 10 young (10240K), 10 survivors (10240K)
 Metaspace       used 51288K, capacity 52496K, committed 53120K, reserved 1095680K
  class space    used 6480K, capacity 6954K, committed 7040K, reserved 1048576K
}
Event: 54,949 GC heap before
{Heap before GC invocations=10 (full 0):
 garbage-first heap   total 152576K, used 78474K [0x0000000085600000, 0x0000000100000000)
  region size 1024K, 70 young (71680K), 10 survivors (10240K)
 Metaspace       used 58584K, capacity 60065K, committed 60160K, reserved 1101824K
  class space    used 7436K, capacity 8042K, committed 8064K, reserved 1048576K
}

